生成启动时间为 2018/3/19 19:32:03。
     1>项目“D:\比特科技代码\代码\实现动态顺序表\实现动态顺序表\实现动态顺序表.vcxproj”在节点 2 上(Build 个目标)。
     1>ClCompile:
         D:\vs2013\VC\bin\CL.exe /c /ZI /nologo /W3 /WX- /sdl /Od /Oy- /D _UNICODE /D UNICODE /Gm /EHsc /RTC1 /MDd /GS /fp:precise /Zc:wchar_t /Zc:forScope /Fo"Debug\\" /Fd"Debug\vc120.pdb" /Gd /TC /analyze- /errorReport:prompt pSeq.c test.c
         test.c
         pSeq.c
     1>d:\比特科技代码\代码\实现动态顺序表\实现动态顺序表\pseq.c(22): warning C4018: “<”: 有符号/无符号不匹配
     1>d:\比特科技代码\代码\实现动态顺序表\实现动态顺序表\pseq.c(84): warning C4018: “<”: 有符号/无符号不匹配
     1>d:\比特科技代码\代码\实现动态顺序表\实现动态顺序表\pseq.c(100): warning C4018: “>”: 有符号/无符号不匹配
     1>d:\比特科技代码\代码\实现动态顺序表\实现动态顺序表\pseq.c(115): warning C4018: “<”: 有符号/无符号不匹配
     1>d:\比特科技代码\代码\实现动态顺序表\实现动态顺序表\pseq.c(127): warning C4033: “SeqFind”必须返回值
     1>d:\比特科技代码\代码\实现动态顺序表\实现动态顺序表\pseq.c(130): warning C4018: “<”: 有符号/无符号不匹配
     1>d:\比特科技代码\代码\实现动态顺序表\实现动态顺序表\pseq.c(156): warning C4018: “<”: 有符号/无符号不匹配
     1>d:\比特科技代码\代码\实现动态顺序表\实现动态顺序表\pseq.c(158): warning C4018: “<”: 有符号/无符号不匹配
     1>d:\比特科技代码\代码\实现动态顺序表\实现动态顺序表\pseq.c(181): warning C4018: “<”: 有符号/无符号不匹配
     1>d:\比特科技代码\代码\实现动态顺序表\实现动态顺序表\pseq.c(184): warning C4018: “<”: 有符号/无符号不匹配
     1>d:\比特科技代码\代码\实现动态顺序表\实现动态顺序表\pseq.c(202): warning C4033: “BinarySearch”必须返回值
     1>d:\比特科技代码\代码\实现动态顺序表\实现动态顺序表\pseq.c(205): warning C4018: “<”: 有符号/无符号不匹配
         正在生成代码...
     1>d:\比特科技代码\代码\实现动态顺序表\实现动态顺序表\pseq.c(135): warning C4715: “SeqFind”: 不是所有的控件路径都返回值
     1>d:\比特科技代码\代码\实现动态顺序表\实现动态顺序表\pseq.c(211): warning C4715: “BinarySearch”: 不是所有的控件路径都返回值
       Link:
         D:\vs2013\VC\bin\link.exe /ERRORREPORT:PROMPT /OUT:"D:\比特科技代码\代码\实现动态顺序表\Debug\实现动态顺序表.exe" /INCREMENTAL /NOLOGO kernel32.lib user32.lib gdi32.lib winspool.lib comdlg32.lib advapi32.lib shell32.lib ole32.lib oleaut32.lib uuid.lib odbc32.lib odbccp32.lib /MANIFEST /MANIFESTUAC:"level='asInvoker' uiAccess='false'" /manifest:embed /DEBUG /PDB:"D:\比特科技代码\代码\实现动态顺序表\Debug\实现动态顺序表.pdb" /TLBID:1 /DYNAMICBASE /NXCOMPAT /IMPLIB:"D:\比特科技代码\代码\实现动态顺序表\Debug\实现动态顺序表.lib" /MACHINE:X86 Debug\pSeq.obj
         Debug\test.obj
         实现动态顺序表.vcxproj -> D:\比特科技代码\代码\实现动态顺序表\Debug\实现动态顺序表.exe
     1>已完成生成项目“D:\比特科技代码\代码\实现动态顺序表\实现动态顺序表\实现动态顺序表.vcxproj”(Build 个目标)的操作。

生成成功。

已用时间 00:00:01.31
