d:\比特科技代码\代码\排序\排序\debug\vc120.pdb
d:\比特科技代码\代码\排序\排序\debug\vc120.idb
d:\比特科技代码\代码\排序\排序\debug\test.obj
c:\users\吕鑫\desktop\练习代码\排序\排序\debug\vc120.pdb
c:\users\吕鑫\desktop\练习代码\排序\排序\debug\vc120.idb
c:\users\吕鑫\desktop\练习代码\排序\排序\debug\test.obj
d:\比特科技代码\代码\排序\debug\排序.ilk
d:\比特科技代码\代码\排序\debug\排序.exe
d:\比特科技代码\代码\排序\debug\排序.pdb
c:\users\吕鑫\desktop\练习代码\排序\debug\排序.pdb
c:\users\吕鑫\desktop\练习代码\排序\排序\debug\排序.tlog\cl.command.1.tlog
c:\users\吕鑫\desktop\练习代码\排序\排序\debug\排序.tlog\cl.read.1.tlog
c:\users\吕鑫\desktop\练习代码\排序\排序\debug\排序.tlog\cl.write.1.tlog
c:\users\吕鑫\desktop\练习代码\排序\排序\debug\排序.tlog\link.12420-cvtres.read.1.tlog
c:\users\吕鑫\desktop\练习代码\排序\排序\debug\排序.tlog\link.12420-cvtres.write.1.tlog
c:\users\吕鑫\desktop\练习代码\排序\排序\debug\排序.tlog\link.12420-rc.read.1.tlog
c:\users\吕鑫\desktop\练习代码\排序\排序\debug\排序.tlog\link.12420-rc.write.1.tlog
c:\users\吕鑫\desktop\练习代码\排序\排序\debug\排序.tlog\link.12420.read.1.tlog
c:\users\吕鑫\desktop\练习代码\排序\排序\debug\排序.tlog\link.12420.write.1.tlog
c:\users\吕鑫\desktop\练习代码\排序\排序\debug\排序.tlog\link.command.1.tlog
c:\users\吕鑫\desktop\练习代码\排序\排序\debug\排序.tlog\link.read.1.tlog
c:\users\吕鑫\desktop\练习代码\排序\排序\debug\排序.tlog\link.write.1.tlog
